build/app/intermediates/manifest_merge_blame_file/debug/manifest-merger-blame-debug-report.txt
1<?xml version="1.0" encoding="utf-8"?>
2<manifest xmlns:android="http://schemas.android.com/apk/res/android"
3    package="com.spotx.mokataa"
4    android:versionCode="1"
5    android:versionName="1.0.0" >
6
7    <uses-sdk
8        android:minSdkVersion="19"
9        android:targetSdkVersion="31" />
10    <!--
11         The INTERNET permission is required for development. Specifically,
12         the Flutter tool needs it to communicate with the running application
13         to allow setting breakpoints, to provide hot reload, etc.
14    -->
15    <uses-permission android:name="android.permission.INTERNET" />
15-->src/debug/AndroidManifest.xml:7:5-66
15-->src/debug/AndroidManifest.xml:7:22-64
16    <uses-permission android:name="android.permission.ACCESS_NETWORK_STATE" />
16-->[com.google.firebase:firebase-config:21.4.1] AndroidManifest.xml:24:5-79
16-->[com.google.firebase:firebase-config:21.4.1] AndroidManifest.xml:24:22-76
17
18    <permission
18-->[androidx.core:core:1.10.1] AndroidManifest.xml:22:5-24:47
19        android:name="com.spotx.mokataa.DYNAMIC_RECEIVER_NOT_EXPORTED_PERMISSION"
19-->[androidx.core:core:1.10.1] AndroidManifest.xml:23:9-81
20        android:protectionLevel="signature" />
20-->[androidx.core:core:1.10.1] AndroidManifest.xml:24:9-44
21
22    <uses-permission android:name="com.spotx.mokataa.DYNAMIC_RECEIVER_NOT_EXPORTED_PERMISSION" />
22-->[androidx.core:core:1.10.1] AndroidManifest.xml:26:5-97
22-->[androidx.core:core:1.10.1] AndroidManifest.xml:26:22-94
23
24    <application
25        android:name="android.app.Application"
26        android:appComponentFactory="androidx.core.app.CoreComponentFactory"
26-->[androidx.core:core:1.10.1] AndroidManifest.xml:28:18-86
27        android:debuggable="true"
28        android:icon="@mipmap/ic_launcher"
29        android:label="mokataa" >
30        <activity
31            android:name="com.spotx.mokataa.MainActivity"
32            android:configChanges="orientation|keyboardHidden|keyboard|screenSize|smallestScreenSize|locale|layoutDirection|fontScale|screenLayout|density|uiMode"
33            android:exported="true"
34            android:hardwareAccelerated="true"
35            android:launchMode="singleTop"
36            android:theme="@style/LaunchTheme"
37            android:windowSoftInputMode="adjustResize" >
38
39            <!--
40                 Specifies an Android theme to apply to this Activity as soon as
41                 the Android process has started. This theme is visible to the user
42                 while the Flutter UI initializes. After that, this theme continues
43                 to determine the Window background behind the Flutter UI.
44            -->
45            <meta-data
46                android:name="io.flutter.embedding.android.NormalTheme"
47                android:resource="@style/NormalTheme" />
48
49            <intent-filter>
50                <action android:name="android.intent.action.MAIN" />
51
52                <category android:name="android.intent.category.LAUNCHER" />
53            </intent-filter>
54        </activity>
55        <!--
56             Don't delete the meta-data below.
57             This is used by the Flutter tool to generate GeneratedPluginRegistrant.java
58        -->
59        <meta-data
60            android:name="flutterEmbedding"
61            android:value="2" />
62
63        <service
63-->[:firebase_database] AndroidManifest.xml:10:9-14:19
64            android:name="com.google.firebase.components.ComponentDiscoveryService"
64-->[:firebase_database] AndroidManifest.xml:10:18-89
65            android:directBootAware="true"
65-->[com.google.firebase:firebase-common:20.3.3] AndroidManifest.xml:34:13-43
66            android:exported="false" >
66-->[com.google.firebase:firebase-config:21.4.1] AndroidManifest.xml:30:13-37
67            <meta-data
67-->[:firebase_database] AndroidManifest.xml:11:13-13:85
68                android:name="com.google.firebase.components:io.flutter.plugins.firebase.database.FlutterFirebaseAppRegistrar"
68-->[:firebase_database] AndroidManifest.xml:12:17-127
69                android:value="com.google.firebase.components.ComponentRegistrar" />
69-->[:firebase_database] AndroidManifest.xml:13:17-82
70            <meta-data
70-->[:firebase_remote_config] AndroidManifest.xml:11:13-13:85
71                android:name="com.google.firebase.components:io.flutter.plugins.firebase.firebaseremoteconfig.FlutterFirebaseAppRegistrar"
71-->[:firebase_remote_config] AndroidManifest.xml:12:17-139
72                android:value="com.google.firebase.components.ComponentRegistrar" />
72-->[:firebase_remote_config] AndroidManifest.xml:13:17-82
73            <meta-data
73-->[:firebase_core] AndroidManifest.xml:11:13-13:85
74                android:name="com.google.firebase.components:io.flutter.plugins.firebase.core.FlutterFirebaseCoreRegistrar"
74-->[:firebase_core] AndroidManifest.xml:12:17-124
75                android:value="com.google.firebase.components.ComponentRegistrar" />
75-->[:firebase_core] AndroidManifest.xml:13:17-82
76            <meta-data
76-->[com.google.firebase:firebase-config:21.4.1] AndroidManifest.xml:31:13-33:85
77                android:name="com.google.firebase.components:com.google.firebase.remoteconfig.RemoteConfigRegistrar"
77-->[com.google.firebase:firebase-config:21.4.1] AndroidManifest.xml:32:17-117
78                android:value="com.google.firebase.components.ComponentRegistrar" />
78-->[com.google.firebase:firebase-config:21.4.1] AndroidManifest.xml:33:17-82
79            <meta-data
79-->[com.google.firebase:firebase-database:20.2.2] AndroidManifest.xml:31:13-33:85
80                android:name="com.google.firebase.components:com.google.firebase.database.DatabaseRegistrar"
80-->[com.google.firebase:firebase-database:20.2.2] AndroidManifest.xml:32:17-109
81                android:value="com.google.firebase.components.ComponentRegistrar" />
81-->[com.google.firebase:firebase-database:20.2.2] AndroidManifest.xml:33:17-82
82            <meta-data
82-->[com.google.firebase:firebase-abt:21.1.1] AndroidManifest.xml:12:13-14:85
83                android:name="com.google.firebase.components:com.google.firebase.abt.component.AbtRegistrar"
83-->[com.google.firebase:firebase-abt:21.1.1] AndroidManifest.xml:13:17-109
84                android:value="com.google.firebase.components.ComponentRegistrar" />
84-->[com.google.firebase:firebase-abt:21.1.1] AndroidManifest.xml:14:17-82
85            <meta-data
85-->[com.google.firebase:firebase-installations:17.1.4] AndroidManifest.xml:15:13-17:85
86                android:name="com.google.firebase.components:com.google.firebase.installations.FirebaseInstallationsRegistrar"
86-->[com.google.firebase:firebase-installations:17.1.4] AndroidManifest.xml:16:17-127
87                android:value="com.google.firebase.components.ComponentRegistrar" />
87-->[com.google.firebase:firebase-installations:17.1.4] AndroidManifest.xml:17:17-82
88        </service>
89
90        <activity
90-->[:url_launcher_android] AndroidManifest.xml:10:9-13:74
91            android:name="io.flutter.plugins.urllauncher.WebViewActivity"
91-->[:url_launcher_android] AndroidManifest.xml:11:13-74
92            android:exported="false"
92-->[:url_launcher_android] AndroidManifest.xml:12:13-37
93            android:theme="@android:style/Theme.NoTitleBar.Fullscreen" />
93-->[:url_launcher_android] AndroidManifest.xml:13:13-71
94
95        <uses-library
95-->[androidx.window:window:1.0.0-beta04] AndroidManifest.xml:25:9-27:40
96            android:name="androidx.window.extensions"
96-->[androidx.window:window:1.0.0-beta04] AndroidManifest.xml:26:13-54
97            android:required="false" />
97-->[androidx.window:window:1.0.0-beta04] AndroidManifest.xml:27:13-37
98        <uses-library
98-->[androidx.window:window:1.0.0-beta04] AndroidManifest.xml:28:9-30:40
99            android:name="androidx.window.sidecar"
99-->[androidx.window:window:1.0.0-beta04] AndroidManifest.xml:29:13-51
100            android:required="false" />
100-->[androidx.window:window:1.0.0-beta04] AndroidManifest.xml:30:13-37
101
102        <provider
102-->[com.google.firebase:firebase-common:20.3.3] AndroidManifest.xml:25:9-30:39
103            android:name="com.google.firebase.provider.FirebaseInitProvider"
103-->[com.google.firebase:firebase-common:20.3.3] AndroidManifest.xml:26:13-77
104            android:authorities="com.spotx.mokataa.firebaseinitprovider"
104-->[com.google.firebase:firebase-common:20.3.3] AndroidManifest.xml:27:13-72
105            android:directBootAware="true"
105-->[com.google.firebase:firebase-common:20.3.3] AndroidManifest.xml:28:13-43
106            android:exported="false"
106-->[com.google.firebase:firebase-common:20.3.3] AndroidManifest.xml:29:13-37
107            android:initOrder="100" />
107-->[com.google.firebase:firebase-common:20.3.3] AndroidManifest.xml:30:13-36
108
109        <activity
109-->[com.google.android.gms:play-services-base:18.1.0] AndroidManifest.xml:20:9-22:45
110            android:name="com.google.android.gms.common.api.GoogleApiActivity"
110-->[com.google.android.gms:play-services-base:18.1.0] AndroidManifest.xml:20:19-85
111            android:exported="false"
111-->[com.google.android.gms:play-services-base:18.1.0] AndroidManifest.xml:22:19-43
112            android:theme="@android:style/Theme.Translucent.NoTitleBar" />
112-->[com.google.android.gms:play-services-base:18.1.0] AndroidManifest.xml:21:19-78
113
114        <meta-data
114-->[com.google.android.gms:play-services-basement:18.1.0] AndroidManifest.xml:21:9-23:69
115            android:name="com.google.android.gms.version"
115-->[com.google.android.gms:play-services-basement:18.1.0] AndroidManifest.xml:22:13-58
116            android:value="@integer/google_play_services_version" />
116-->[com.google.android.gms:play-services-basement:18.1.0] AndroidManifest.xml:23:13-66
117    </application>
118
119</manifest>